<?xml version="1.0" encoding="UTF-8"?>
<!-- Generated by org.testng.reporters.JUnitXMLReporter -->
<testsuite ignored="0" hostname="SLB-C6J0533" failures="0" tests="10" name="Default test" time="0.282" errors="0" timestamp="2024-08-03T22:02:30 IST">
  <testcase classname="test.InvocationCount" name="sum" time="0.028"/>
  <testcase classname="test.InvocationCount" name="sum" time="0.004"/>
  <testcase classname="test.InvocationCount" name="sum" time="0.004"/>
  <testcase classname="test.InvocationCount" name="sum" time="0.003"/>
  <testcase classname="test.InvocationCount" name="sum" time="0.004"/>
  <testcase classname="test.InvocationCount" name="sum" time="0.003"/>
  <testcase classname="test.InvocationCount" name="sum" time="0.006"/>
  <testcase classname="test.InvocationCount" name="sum" time="0.004"/>
  <testcase classname="test.InvocationCount" name="sum" time="0.003"/>
  <testcase classname="test.InvocationCount" name="sum" time="0.003"/>
</testsuite> <!-- Default test -->
