<?xml version="1.0" encoding="UTF-8"?>
<testng-results ignored="0" total="10" passed="10" failed="0" skipped="0">
  <reporter-output>
  </reporter-output>
  <suite started-at="2024-08-03T22:02:29 IST" name="Default suite" finished-at="2024-08-03T22:02:30 IST" duration-ms="282">
    <groups>
    </groups>
    <test started-at="2024-08-03T22:02:29 IST" name="Default test" finished-at="2024-08-03T22:02:30 IST" duration-ms="282">
      <class name="test.InvocationCount">
        <test-method signature="sum()[pri:0, instance:test.InvocationCount@2a3b5b47]" started-at="2024-08-03T22:02:30 IST" name="sum" finished-at="2024-08-03T22:02:30 IST" duration-ms="28" status="PASS">
          <reporter-output>
          </reporter-output>
        </test-method> <!-- sum -->
        <test-method signature="sum()[pri:0, instance:test.InvocationCount@2a3b5b47]" started-at="2024-08-03T22:02:30 IST" name="sum" finished-at="2024-08-03T22:02:30 IST" duration-ms="4" status="PASS">
          <reporter-output>
          </reporter-output>
        </test-method> <!-- sum -->
        <test-method signature="sum()[pri:0, instance:test.InvocationCount@2a3b5b47]" started-at="2024-08-03T22:02:30 IST" name="sum" finished-at="2024-08-03T22:02:30 IST" duration-ms="4" status="PASS">
          <reporter-output>
          </reporter-output>
        </test-method> <!-- sum -->
        <test-method signature="sum()[pri:0, instance:test.InvocationCount@2a3b5b47]" started-at="2024-08-03T22:02:30 IST" name="sum" finished-at="2024-08-03T22:02:30 IST" duration-ms="3" status="PASS">
          <reporter-output>
          </reporter-output>
        </test-method> <!-- sum -->
        <test-method signature="sum()[pri:0, instance:test.InvocationCount@2a3b5b47]" started-at="2024-08-03T22:02:30 IST" name="sum" finished-at="2024-08-03T22:02:30 IST" duration-ms="4" status="PASS">
          <reporter-output>
          </reporter-output>
        </test-method> <!-- sum -->
        <test-method signature="sum()[pri:0, instance:test.InvocationCount@2a3b5b47]" started-at="2024-08-03T22:02:30 IST" name="sum" finished-at="2024-08-03T22:02:30 IST" duration-ms="3" status="PASS">
          <reporter-output>
          </reporter-output>
        </test-method> <!-- sum -->
        <test-method signature="sum()[pri:0, instance:test.InvocationCount@2a3b5b47]" started-at="2024-08-03T22:02:30 IST" name="sum" finished-at="2024-08-03T22:02:30 IST" duration-ms="6" status="PASS">
          <reporter-output>
          </reporter-output>
        </test-method> <!-- sum -->
        <test-method signature="sum()[pri:0, instance:test.InvocationCount@2a3b5b47]" started-at="2024-08-03T22:02:30 IST" name="sum" finished-at="2024-08-03T22:02:30 IST" duration-ms="4" status="PASS">
          <reporter-output>
          </reporter-output>
        </test-method> <!-- sum -->
        <test-method signature="sum()[pri:0, instance:test.InvocationCount@2a3b5b47]" started-at="2024-08-03T22:02:30 IST" name="sum" finished-at="2024-08-03T22:02:30 IST" duration-ms="3" status="PASS">
          <reporter-output>
          </reporter-output>
        </test-method> <!-- sum -->
        <test-method signature="sum()[pri:0, instance:test.InvocationCount@2a3b5b47]" started-at="2024-08-03T22:02:30 IST" name="sum" finished-at="2024-08-03T22:02:30 IST" duration-ms="3" status="PASS">
          <reporter-output>
          </reporter-output>
        </test-method> <!-- sum -->
      </class> <!-- test.InvocationCount -->
    </test> <!-- Default test -->
  </suite> <!-- Default suite -->
</testng-results>
